{
  "RSpec": {
    "coverage": {
      "/home/leo/EngSoftware/CAMAAR/app/helpers/application_helper.rb": {
        "lines": [
          1,
          null
        ]
      },
      "/home/leo/EngSoftware/CAMAAR/app/models/avaliacao.rb": {
        "lines": [
          1,
          1,
          1,
          1,
          null,
          1,
          null,
          1,
          null
        ]
      },
      "/home/leo/EngSoftware/CAMAAR/app/models/application_record.rb": {
        "lines": [
          1,
          1,
          null
        ]
      },
      "/home/leo/EngSoftware/CAMAAR/app/models/formulario.rb": {
        "lines": [
          1,
          1,
          1,
          1,
          1,
          1,
          null,
          1,
          null
        ]
      },
      "/home/leo/EngSoftware/CAMAAR/app/models/matricula.rb": {
        "lines": [
          1,
          1,
          1,
          null,
          1,
          null
        ]
      },
      "/home/leo/EngSoftware/CAMAAR/app/models/questao.rb": {
        "lines": [
          1,
          1,
          null,
          1,
          null,
          1,
          1,
          1,
          1,
          null,
          1,
          null,
          null,
          1,
          null,
          null,
          null,
          null,
          null,
          null,
          1,
          10,
          null,
          null,
          null,
          10,
          null,
          null,
          1,
          8,
          2,
          1,
          null,
          null
        ]
      },
      "/home/leo/EngSoftware/CAMAAR/app/models/resposta.rb": {
        "lines": [
          1,
          1,
          null,
          1,
          1,
          1,
          null,
          1,
          1,
          null
        ]
      },
      "/home/leo/EngSoftware/CAMAAR/app/models/template.rb": {
        "lines": [
          1,
          1,
          1,
          null,
          1,
          null
        ]
      },
      "/home/leo/EngSoftware/CAMAAR/app/models/turma.rb": {
        "lines": [
          1,
          1,
          1,
          1,
          null,
          1,
          null
        ]
      },
      "/home/leo/EngSoftware/CAMAAR/app/models/user.rb": {
        "lines": [
          1,
          1,
          null,
          1,
          1,
          1,
          1,
          1,
          null,
          1,
          null,
          1,
          1,
          1,
          null,
          null,
          1,
          null,
          1,
          2,
          null,
          null
        ]
      },
      "/home/leo/EngSoftware/CAMAAR/app/controllers/sessions_controller.rb": {
        "lines": [
          1,
          1,
          null,
          null,
          1,
          30,
          null,
          30,
          30,
          30,
          30,
          null,
          30,
          1,
          1,
          29,
          1,
          1,
          null,
          28,
          28,
          null,
          28,
          27,
          27,
          null,
          1,
          1,
          null,
          null,
          null,
          null,
          1,
          1,
          1,
          null,
          null
        ]
      },
      "/home/leo/EngSoftware/CAMAAR/app/controllers/dashboard_controller.rb": {
        "lines": [
          1,
          1,
          null,
          null
        ]
      },
      "/home/leo/EngSoftware/CAMAAR/app/controllers/admin/formularios_controller.rb": {
        "lines": [
          1,
          1,
          1,
          null,
          1,
          4,
          null,
          null,
          1,
          3,
          3,
          null,
          null,
          1,
          3,
          3,
          null,
          3,
          1,
          1,
          1,
          1,
          1,
          null,
          null,
          2,
          1,
          1,
          1,
          1,
          1,
          null,
          null,
          1,
          1,
          null,
          1,
          1,
          null,
          1,
          null,
          null,
          null,
          null,
          null,
          1,
          1,
          null,
          1,
          null,
          null,
          null,
          null,
          null,
          null,
          1,
          null,
          null,
          1,
          null,
          null,
          null,
          1,
          null,
          0,
          0,
          null,
          0,
          null,
          0,
          null,
          0,
          null,
          null,
          0,
          null,
          null,
          null,
          null,
          1,
          null,
          1,
          0,
          null,
          null,
          1,
          10,
          0,
          null,
          null,
          null
        ]
      },
      "/home/leo/EngSoftware/CAMAAR/app/controllers/admin/resultados_controller.rb": {
        "lines": [
          1,
          1,
          1,
          null,
          1,
          4,
          null,
          null,
          1,
          3,
          null,
          3,
          1,
          null,
          2,
          4,
          null,
          null,
          null,
          null,
          1,
          null,
          2,
          1,
          null,
          1,
          1,
          null,
          null,
          null,
          1,
          null,
          1,
          9,
          null,
          null,
          1,
          5,
          null,
          null
        ]
      },
      "/home/leo/EngSoftware/CAMAAR/app/services/csv_export_service.rb": {
        "lines": [
          1,
          null,
          1,
          1,
          2,
          null,
          null,
          1,
          1,
          1,
          null,
          1,
          2,
          2,
          1,
          null,
          1,
          1,
          null,
          null,
          null,
          null,
          null,
          null
        ]
      },
      "/home/leo/EngSoftware/CAMAAR/app/controllers/admin/templates_controller.rb": {
        "lines": [
          1,
          1,
          1,
          null,
          1,
          8,
          null,
          null,
          1,
          3,
          3,
          null,
          null,
          1,
          3,
          null,
          3,
          1,
          1,
          1,
          null,
          null,
          4,
          1,
          1,
          1,
          null,
          null,
          1,
          null,
          1,
          1,
          null,
          1,
          1,
          null,
          0,
          null,
          null,
          1,
          null,
          null,
          null,
          null,
          null,
          null,
          null,
          1,
          null,
          null,
          1,
          null,
          null,
          1,
          1,
          0,
          0,
          0,
          null,
          null,
          1,
          1,
          1,
          null,
          1,
          1,
          0,
          null,
          null,
          1,
          null,
          null,
          null,
          null,
          null,
          null,
          null,
          null,
          1,
          1,
          1,
          null,
          0,
          0,
          0,
          null,
          null,
          0,
          null,
          null,
          null,
          null,
          null,
          null,
          null,
          null,
          1,
          1,
          1,
          0,
          0,
          null,
          null,
          null,
          1,
          1,
          null,
          0,
          null,
          null,
          null,
          1,
          2,
          1,
          null,
          1,
          null,
          null,
          1,
          1,
          1,
          null,
          null,
          1,
          null,
          1,
          4,
          null,
          null,
          1,
          4,
          null,
          null,
          1,
          18,
          0,
          null,
          null,
          null
        ]
      },
      "/home/leo/EngSoftware/CAMAAR/app/controllers/admin/importacoes_controller.rb": {
        "lines": [
          1,
          1,
          null,
          1,
          null,
          null,
          1,
          3,
          3,
          null,
          3,
          2,
          2,
          1,
          null,
          1,
          null,
          null,
          null,
          null,
          null,
          1,
          1,
          null,
          0,
          null,
          null,
          null,
          0,
          null,
          null,
          3,
          null,
          null,
          1,
          null,
          1,
          9,
          null,
          null
        ]
      },
      "/home/leo/EngSoftware/CAMAAR/app/services/import/from_json_file.rb": {
        "lines": [
          1,
          1,
          1,
          3,
          3,
          null,
          null,
          1,
          3,
          null,
          2,
          2,
          2,
          null,
          2,
          null,
          1,
          null,
          0,
          null,
          null,
          1,
          null,
          1,
          2,
          2,
          2,
          1,
          1,
          1,
          1,
          1,
          1,
          null,
          null,
          null,
          null,
          1,
          2,
          2,
          2,
          1,
          1,
          1,
          1,
          1,
          null,
          1,
          null,
          1,
          null,
          null,
          null,
          null,
          1,
          2,
          2,
          2,
          null,
          2,
          2,
          4,
          2,
          null,
          2,
          2,
          null,
          2,
          2,
          2,
          null,
          null,
          null,
          null,
          null,
          null,
          1,
          1,
          1,
          null,
          0,
          null,
          null,
          null
        ]
      },
      "/home/leo/EngSoftware/CAMAAR/app/mailers/user_mailer.rb": {
        "lines": [
          1,
          1,
          null,
          1,
          1,
          1,
          1,
          null,
          null
        ]
      },
      "/home/leo/EngSoftware/CAMAAR/app/controllers/password_resets_controller.rb": {
        "lines": [
          1,
          1,
          3,
          3,
          1,
          null,
          null,
          null,
          1,
          2,
          null,
          2,
          0,
          0,
          null,
          null,
          2,
          1,
          null,
          1,
          1,
          null,
          null,
          null,
          1,
          null,
          1,
          2,
          null,
          null
        ]
      },
      "/home/leo/EngSoftware/CAMAAR/app/controllers/avaliacoes_controller.rb": {
        "lines": [
          1,
          1,
          null,
          1,
          14,
          15,
          null,
          null,
          1,
          null,
          1,
          14,
          0,
          null,
          null,
          null
        ]
      },
      "/home/leo/EngSoftware/CAMAAR/app/controllers/formularios_controller.rb": {
        "lines": [
          1,
          1,
          null,
          1,
          6,
          6,
          6,
          null,
          null,
          1,
          null,
          1,
          6,
          0,
          null,
          null,
          null
        ]
      },
      "/home/leo/EngSoftware/CAMAAR/app/controllers/respostas_controller.rb": {
        "lines": [
          1,
          1,
          null,
          1,
          6,
          6,
          null,
          6,
          6,
          null,
          6,
          6,
          6,
          1,
          null,
          null,
          null,
          6,
          1,
          1,
          1,
          null,
          null,
          5,
          null,
          5,
          null,
          2,
          1,
          null,
          null,
          null,
          null,
          null,
          1,
          1,
          1,
          null,
          null,
          null,
          null,
          4,
          1,
          1,
          null,
          null,
          3,
          3,
          3,
          null,
          3,
          null,
          null,
          null,
          null,
          null,
          3,
          null,
          1,
          null,
          null,
          null,
          null,
          2,
          null,
          null,
          null,
          null,
          null,
          null,
          null,
          null,
          null,
          3,
          null,
          3,
          null,
          null,
          1,
          null,
          1,
          6,
          0,
          null,
          null,
          null
        ]
      }
    },
    "timestamp": 1753296330
  }
}
